{
  "RSpec": {
    "coverage": {
      "/Users/enochgriffith/Development/code/ruby/tic-tac-toe-rb-ruby-intro-kwk/lib/tic_tac_toe.rb": [
        1,
        null,
        null,
        null,
        null,
        null,
        null,
        null,
        null,
        null,
        null,
        1,
        25,
        25,
        25,
        25,
        25,
        null,
        null,
        1,
        75,
        null,
        null,
        1,
        50,
        null,
        null,
        1,
        23,
        null,
        null,
        1,
        22,
        null,
        null,
        1,
        23,
        null,
        null,
        1,
        142,
        null,
        null,
        1,
        20,
        20,
        20,
        20,
        20,
        null,
        null,
        1,
        210,
        null,
        null,
        1,
        20,
        null,
        null,
        1,
        440,
        null,
        null,
        1,
        7,
        null,
        null,
        1,
        93,
        null,
        null,
        1,
        16,
        null,
        null,
        1,
        21,
        null,
        null,
        1,
        12,
        17,
        null,
        null,
        12,
        5,
        null,
        7,
        null,
        null
      ]
    },
    "timestamp": 1495292521
  }
}
